{"level":"info","message":{"env_string":"development","port_number":"9000"}}
{"level":"info","message":{"env_string":"local","port_number":"9000"}}
{"level":"error","message":{}}
{"level":"error","message":{}}
{"level":"info","message":{"env_string":"local","port_number":"9000"}}
{"level":"info","message":{"env_string":"local","port_number":"9000"}}
{"level":"info","message":{"env_string":"local","port_number":"9000"}}
{"level":"info","message":{"env_string":"local","port_number":"9000"}}
{"level":"info","message":{"env_string":"local","port_number":"9000"}}
{"level":"info","message":{"env_string":"local","port_number":"9000"}}
{"level":"info","message":{"env_string":"local","port_number":"9000"}}
{"level":"info","message":{"env_string":"local","port_number":"9000"}}
{"level":"info","message":{"env_string":"local","port_number":"9000"}}
{"level":"info","message":{"env_string":"local","port_number":"9000"}}
{"level":"info","message":{"env_string":"local","port_number":"9000"}}
{"level":"info","message":{"error_code":"USER_NOT_FOUND","status_code":404}}
{"level":"info","message":{"env_string":"local","port_number":"9000"}}
{"level":"error","message":{}}
{"level":"error","message":{}}
{"level":"error","message":{}}
{"level":"error","message":{}}
{"level":"error","message":{}}
{"level":"error","message":{}}
{"level":"error","message":{}}
{"level":"error","message":{}}
{"level":"error","message":{}}
{"level":"error","message":{}}
{"level":"error","message":{}}
{"level":"error","message":{}}
{"level":"info","message":"Connected to the database successfully"}
{"level":"info","message":"Connected to the database successfully"}
{"level":"info","message":{"env_string":"development","port_number":"5000"}}
{"level":"info","message":"Connected to the database successfully"}
{"level":"info","message":{"env_string":"development","port_number":"5000"}}
{"level":"info","message":{"email":"johndoe@gmail.com"}}
{"level":"info","message":{"error_code":"DUPLICATE_END_USER","status_code":400}}
{"level":"info","message":{"email":"johndoe@gmail.com"}}
{"level":"info","message":{"error_code":"DUPLICATE_END_USER","status_code":400}}
{"level":"info","message":"Connected to the database successfully"}
{"level":"info","message":{"env_string":"development","port_number":"5000"}}
{"level":"info","message":{"email":"johdoe@gmail.com"}}
{"level":"info","message":{"error_code":"DUPLICATE_END_USER","status_code":400}}
{"level":"info","message":"Connected to the database successfully"}
{"level":"info","message":{"env_string":"development","port_number":"5000"}}
{"level":"info","message":"Connected to the database successfully"}
{"level":"info","message":{"env_string":"development","port_number":"5000"}}
